{"C:\\Users\\wilso\\github\\cse110-w21-group32\\source\\js\\buttons.js": {"path":"C:\\Users\\wilso\\github\\cse110-w21-group32\\source\\js\\buttons.js","statementMap":{"0":{"start":{"line":6,"column":20},"end":{"line":6,"column":59}},"1":{"start":{"line":8,"column":19},"end":{"line":8,"column":57}},"2":{"start":{"line":9,"column":0},"end":{"line":9,"column":27}},"3":{"start":{"line":12,"column":23},"end":{"line":12,"column":63}},"4":{"start":{"line":14,"column":24},"end":{"line":14,"column":71}},"5":{"start":{"line":16,"column":23},"end":{"line":16,"column":69}},"6":{"start":{"line":19,"column":15},"end":{"line":19,"column":48}},"7":{"start":{"line":21,"column":18},"end":{"line":21,"column":55}},"8":{"start":{"line":22,"column":19},"end":{"line":22,"column":57}},"9":{"start":{"line":23,"column":24},"end":{"line":23,"column":61}},"10":{"start":{"line":25,"column":22},"end":{"line":25,"column":63}},"11":{"start":{"line":26,"column":23},"end":{"line":26,"column":65}},"12":{"start":{"line":27,"column":28},"end":{"line":27,"column":69}},"13":{"start":{"line":30,"column":19},"end":{"line":40,"column":1}},"14":{"start":{"line":43,"column":21},"end":{"line":43,"column":35}},"15":{"start":{"line":44,"column":21},"end":{"line":44,"column":61}},"16":{"start":{"line":47,"column":18},"end":{"line":47,"column":55}},"17":{"start":{"line":50,"column":0},"end":{"line":50,"column":44}},"18":{"start":{"line":58,"column":0},"end":{"line":61,"column":3}},"19":{"start":{"line":59,"column":2},"end":{"line":59,"column":15}},"20":{"start":{"line":60,"column":2},"end":{"line":60,"column":17}},"21":{"start":{"line":68,"column":2},"end":{"line":68,"column":30}},"22":{"start":{"line":69,"column":2},"end":{"line":69,"column":30}},"23":{"start":{"line":71,"column":2},"end":{"line":71,"column":33}},"24":{"start":{"line":72,"column":2},"end":{"line":72,"column":34}},"25":{"start":{"line":73,"column":2},"end":{"line":73,"column":33}},"26":{"start":{"line":82,"column":0},"end":{"line":85,"column":3}},"27":{"start":{"line":83,"column":2},"end":{"line":83,"column":14}},"28":{"start":{"line":84,"column":2},"end":{"line":84,"column":16}},"29":{"start":{"line":92,"column":2},"end":{"line":92,"column":31}},"30":{"start":{"line":93,"column":2},"end":{"line":93,"column":29}},"31":{"start":{"line":95,"column":2},"end":{"line":95,"column":34}},"32":{"start":{"line":96,"column":2},"end":{"line":96,"column":35}},"33":{"start":{"line":97,"column":2},"end":{"line":97,"column":34}},"34":{"start":{"line":104,"column":2},"end":{"line":104,"column":43}},"35":{"start":{"line":105,"column":2},"end":{"line":105,"column":47}},"36":{"start":{"line":106,"column":2},"end":{"line":106,"column":37}},"37":{"start":{"line":113,"column":0},"end":{"line":116,"column":2}},"38":{"start":{"line":114,"column":2},"end":{"line":114,"column":43}},"39":{"start":{"line":115,"column":2},"end":{"line":115,"column":37}},"40":{"start":{"line":122,"column":0},"end":{"line":122,"column":54}},"41":{"start":{"line":128,"column":0},"end":{"line":131,"column":2}},"42":{"start":{"line":129,"column":2},"end":{"line":129,"column":47}},"43":{"start":{"line":130,"column":2},"end":{"line":130,"column":37}},"44":{"start":{"line":137,"column":0},"end":{"line":137,"column":58}},"45":{"start":{"line":143,"column":0},"end":{"line":149,"column":3}},"46":{"start":{"line":144,"column":2},"end":{"line":144,"column":38}},"47":{"start":{"line":145,"column":2},"end":{"line":148,"column":3}},"48":{"start":{"line":146,"column":4},"end":{"line":146,"column":17}},"49":{"start":{"line":147,"column":4},"end":{"line":147,"column":16}},"50":{"start":{"line":155,"column":0},"end":{"line":161,"column":3}},"51":{"start":{"line":156,"column":2},"end":{"line":156,"column":41}},"52":{"start":{"line":157,"column":2},"end":{"line":160,"column":3}},"53":{"start":{"line":158,"column":4},"end":{"line":158,"column":17}},"54":{"start":{"line":159,"column":4},"end":{"line":159,"column":16}},"55":{"start":{"line":167,"column":0},"end":{"line":173,"column":3}},"56":{"start":{"line":168,"column":2},"end":{"line":168,"column":40}},"57":{"start":{"line":169,"column":2},"end":{"line":172,"column":3}},"58":{"start":{"line":170,"column":4},"end":{"line":170,"column":17}},"59":{"start":{"line":171,"column":4},"end":{"line":171,"column":16}},"60":{"start":{"line":180,"column":0},"end":{"line":206,"column":3}},"61":{"start":{"line":182,"column":18},"end":{"line":182,"column":57}},"62":{"start":{"line":184,"column":2},"end":{"line":184,"column":46}},"63":{"start":{"line":186,"column":12},"end":{"line":186,"column":30}},"64":{"start":{"line":188,"column":2},"end":{"line":205,"column":3}},"65":{"start":{"line":189,"column":4},"end":{"line":189,"column":47}},"66":{"start":{"line":193,"column":7},"end":{"line":205,"column":3}},"67":{"start":{"line":194,"column":4},"end":{"line":194,"column":47}},"68":{"start":{"line":198,"column":7},"end":{"line":205,"column":3}},"69":{"start":{"line":199,"column":4},"end":{"line":199,"column":47}},"70":{"start":{"line":204,"column":4},"end":{"line":204,"column":47}},"71":{"start":{"line":214,"column":0},"end":{"line":222,"column":2}},"72":{"start":{"line":215,"column":2},"end":{"line":221,"column":3}},"73":{"start":{"line":216,"column":22},"end":{"line":216,"column":61}},"74":{"start":{"line":218,"column":24},"end":{"line":218,"column":41}},"75":{"start":{"line":219,"column":4},"end":{"line":219,"column":46}},"76":{"start":{"line":220,"column":4},"end":{"line":220,"column":21}},"77":{"start":{"line":229,"column":0},"end":{"line":231,"column":2}},"78":{"start":{"line":230,"column":2},"end":{"line":230,"column":19}},"79":{"start":{"line":234,"column":0},"end":{"line":234,"column":32}},"80":{"start":{"line":235,"column":0},"end":{"line":235,"column":36}},"81":{"start":{"line":236,"column":0},"end":{"line":236,"column":34}}},"fnMap":{"0":{"name":"(anonymous_0)","decl":{"start":{"line":58,"column":38},"end":{"line":58,"column":39}},"loc":{"start":{"line":58,"column":50},"end":{"line":61,"column":1}},"line":58},"1":{"name":"disableStart","decl":{"start":{"line":67,"column":9},"end":{"line":67,"column":21}},"loc":{"start":{"line":67,"column":24},"end":{"line":74,"column":1}},"line":67},"2":{"name":"(anonymous_2)","decl":{"start":{"line":82,"column":37},"end":{"line":82,"column":38}},"loc":{"start":{"line":82,"column":49},"end":{"line":85,"column":1}},"line":82},"3":{"name":"enableStart","decl":{"start":{"line":91,"column":9},"end":{"line":91,"column":20}},"loc":{"start":{"line":91,"column":23},"end":{"line":98,"column":1}},"line":91},"4":{"name":"closePopup","decl":{"start":{"line":103,"column":9},"end":{"line":103,"column":19}},"loc":{"start":{"line":103,"column":22},"end":{"line":107,"column":1}},"line":103},"5":{"name":"(anonymous_5)","decl":{"start":{"line":113,"column":21},"end":{"line":113,"column":22}},"loc":{"start":{"line":113,"column":33},"end":{"line":116,"column":1}},"line":113},"6":{"name":"(anonymous_6)","decl":{"start":{"line":128,"column":25},"end":{"line":128,"column":26}},"loc":{"start":{"line":128,"column":37},"end":{"line":131,"column":1}},"line":128},"7":{"name":"(anonymous_7)","decl":{"start":{"line":143,"column":42},"end":{"line":143,"column":43}},"loc":{"start":{"line":143,"column":54},"end":{"line":149,"column":1}},"line":143},"8":{"name":"(anonymous_8)","decl":{"start":{"line":155,"column":43},"end":{"line":155,"column":44}},"loc":{"start":{"line":155,"column":55},"end":{"line":161,"column":1}},"line":155},"9":{"name":"(anonymous_9)","decl":{"start":{"line":167,"column":42},"end":{"line":167,"column":43}},"loc":{"start":{"line":167,"column":54},"end":{"line":173,"column":1}},"line":167},"10":{"name":"(anonymous_10)","decl":{"start":{"line":180,"column":39},"end":{"line":180,"column":40}},"loc":{"start":{"line":180,"column":51},"end":{"line":206,"column":1}},"line":180},"11":{"name":"(anonymous_11)","decl":{"start":{"line":214,"column":46},"end":{"line":214,"column":47}},"loc":{"start":{"line":214,"column":58},"end":{"line":222,"column":1}},"line":214},"12":{"name":"(anonymous_12)","decl":{"start":{"line":215,"column":53},"end":{"line":215,"column":54}},"loc":{"start":{"line":215,"column":65},"end":{"line":221,"column":3}},"line":215},"13":{"name":"(anonymous_13)","decl":{"start":{"line":229,"column":48},"end":{"line":229,"column":49}},"loc":{"start":{"line":229,"column":60},"end":{"line":231,"column":1}},"line":229}},"branchMap":{"0":{"loc":{"start":{"line":145,"column":2},"end":{"line":148,"column":3}},"type":"if","locations":[{"start":{"line":145,"column":2},"end":{"line":148,"column":3}},{"start":{"line":145,"column":2},"end":{"line":148,"column":3}}],"line":145},"1":{"loc":{"start":{"line":157,"column":2},"end":{"line":160,"column":3}},"type":"if","locations":[{"start":{"line":157,"column":2},"end":{"line":160,"column":3}},{"start":{"line":157,"column":2},"end":{"line":160,"column":3}}],"line":157},"2":{"loc":{"start":{"line":169,"column":2},"end":{"line":172,"column":3}},"type":"if","locations":[{"start":{"line":169,"column":2},"end":{"line":172,"column":3}},{"start":{"line":169,"column":2},"end":{"line":172,"column":3}}],"line":169},"3":{"loc":{"start":{"line":188,"column":2},"end":{"line":205,"column":3}},"type":"if","locations":[{"start":{"line":188,"column":2},"end":{"line":205,"column":3}},{"start":{"line":188,"column":2},"end":{"line":205,"column":3}}],"line":188},"4":{"loc":{"start":{"line":193,"column":7},"end":{"line":205,"column":3}},"type":"if","locations":[{"start":{"line":193,"column":7},"end":{"line":205,"column":3}},{"start":{"line":193,"column":7},"end":{"line":205,"column":3}}],"line":193},"5":{"loc":{"start":{"line":198,"column":7},"end":{"line":205,"column":3}},"type":"if","locations":[{"start":{"line":198,"column":7},"end":{"line":205,"column":3}},{"start":{"line":198,"column":7},"end":{"line":205,"column":3}}],"line":198}},"s":{"0":1,"1":1,"2":1,"3":1,"4":1,"5":1,"6":1,"7":1,"8":1,"9":1,"10":1,"11":1,"12":1,"13":1,"14":1,"15":1,"16":1,"17":1,"18":1,"19":1,"20":1,"21":2,"22":2,"23":2,"24":2,"25":2,"26":1,"27":1,"28":1,"29":2,"30":2,"31":2,"32":2,"33":2,"34":3,"35":3,"36":3,"37":1,"38":1,"39":1,"40":1,"41":1,"42":1,"43":1,"44":1,"45":1,"46":2,"47":2,"48":1,"49":1,"50":1,"51":2,"52":2,"53":1,"54":1,"55":1,"56":2,"57":2,"58":1,"59":1,"60":1,"61":4,"62":4,"63":4,"64":4,"65":1,"66":3,"67":1,"68":2,"69":1,"70":1,"71":1,"72":0,"73":0,"74":0,"75":0,"76":0,"77":1,"78":1,"79":1,"80":1,"81":1},"f":{"0":1,"1":2,"2":1,"3":2,"4":3,"5":1,"6":1,"7":2,"8":2,"9":2,"10":4,"11":0,"12":0,"13":1},"b":{"0":[1,1],"1":[1,1],"2":[1,1],"3":[1,3],"4":[1,2],"5":[1,1]},"_coverageSchema":"1a1c01bbd47fc00a2c39e90264f33305004495a9","hash":"1fb9eaba2c3122cc6c3d6f15fee7c7bdd3407bf7"}
,"C:\\Users\\wilso\\github\\cse110-w21-group32\\source\\js\\controller.js": {"path":"C:\\Users\\wilso\\github\\cse110-w21-group32\\source\\js\\controller.js","statementMap":{"0":{"start":{"line":13,"column":12},"end":{"line":13,"column":13}},"1":{"start":{"line":20,"column":15},"end":{"line":20,"column":16}},"2":{"start":{"line":23,"column":15},"end":{"line":23,"column":17}},"3":{"start":{"line":25,"column":17},"end":{"line":25,"column":18}},"4":{"start":{"line":27,"column":17},"end":{"line":27,"column":19}},"5":{"start":{"line":30,"column":16},"end":{"line":30,"column":21}},"6":{"start":{"line":33,"column":16},"end":{"line":33,"column":51}},"7":{"start":{"line":34,"column":18},"end":{"line":34,"column":60}},"8":{"start":{"line":35,"column":18},"end":{"line":35,"column":59}},"9":{"start":{"line":43,"column":2},"end":{"line":59,"column":3}},"10":{"start":{"line":45,"column":6},"end":{"line":45,"column":31}},"11":{"start":{"line":46,"column":6},"end":{"line":46,"column":12}},"12":{"start":{"line":49,"column":6},"end":{"line":49,"column":33}},"13":{"start":{"line":50,"column":6},"end":{"line":50,"column":12}},"14":{"start":{"line":53,"column":6},"end":{"line":53,"column":33}},"15":{"start":{"line":54,"column":6},"end":{"line":54,"column":12}},"16":{"start":{"line":57,"column":6},"end":{"line":57,"column":14}},"17":{"start":{"line":58,"column":6},"end":{"line":58,"column":13}},"18":{"start":{"line":61,"column":2},"end":{"line":61,"column":17}},"19":{"start":{"line":69,"column":2},"end":{"line":69,"column":18}},"20":{"start":{"line":70,"column":2},"end":{"line":70,"column":16}},"21":{"start":{"line":79,"column":2},"end":{"line":79,"column":19}},"22":{"start":{"line":80,"column":2},"end":{"line":111,"column":3}},"23":{"start":{"line":83,"column":6},"end":{"line":83,"column":32}},"24":{"start":{"line":86,"column":6},"end":{"line":90,"column":20}},"25":{"start":{"line":87,"column":8},"end":{"line":87,"column":20}},"26":{"start":{"line":90,"column":8},"end":{"line":90,"column":20}},"27":{"start":{"line":92,"column":6},"end":{"line":92,"column":12}},"28":{"start":{"line":96,"column":6},"end":{"line":96,"column":18}},"29":{"start":{"line":97,"column":6},"end":{"line":97,"column":12}},"30":{"start":{"line":104,"column":6},"end":{"line":104,"column":18}},"31":{"start":{"line":105,"column":6},"end":{"line":105,"column":19}},"32":{"start":{"line":106,"column":6},"end":{"line":106,"column":12}},"33":{"start":{"line":110,"column":6},"end":{"line":110,"column":14}},"34":{"start":{"line":118,"column":2},"end":{"line":120,"column":3}},"35":{"start":{"line":118,"column":15},"end":{"line":118,"column":16}},"36":{"start":{"line":119,"column":4},"end":{"line":119,"column":80}},"37":{"start":{"line":127,"column":2},"end":{"line":127,"column":14}},"38":{"start":{"line":128,"column":2},"end":{"line":128,"column":17}},"39":{"start":{"line":136,"column":2},"end":{"line":136,"column":17}},"40":{"start":{"line":138,"column":2},"end":{"line":138,"column":15}},"41":{"start":{"line":140,"column":2},"end":{"line":141,"column":16}},"42":{"start":{"line":141,"column":4},"end":{"line":141,"column":16}},"43":{"start":{"line":143,"column":2},"end":{"line":143,"column":16}},"44":{"start":{"line":151,"column":2},"end":{"line":151,"column":23}},"45":{"start":{"line":152,"column":2},"end":{"line":152,"column":15}},"46":{"start":{"line":154,"column":17},"end":{"line":154,"column":18}},"47":{"start":{"line":157,"column":2},"end":{"line":162,"column":3}},"48":{"start":{"line":158,"column":4},"end":{"line":161,"column":30}},"49":{"start":{"line":159,"column":6},"end":{"line":159,"column":19}},"50":{"start":{"line":161,"column":6},"end":{"line":161,"column":30}},"51":{"start":{"line":165,"column":2},"end":{"line":167,"column":3}},"52":{"start":{"line":165,"column":15},"end":{"line":165,"column":16}},"53":{"start":{"line":166,"column":4},"end":{"line":166,"column":77}},"54":{"start":{"line":170,"column":2},"end":{"line":170,"column":78}},"55":{"start":{"line":179,"column":2},"end":{"line":179,"column":16}},"56":{"start":{"line":181,"column":2},"end":{"line":203,"column":3}},"57":{"start":{"line":184,"column":6},"end":{"line":184,"column":42}},"58":{"start":{"line":185,"column":6},"end":{"line":185,"column":12}},"59":{"start":{"line":189,"column":6},"end":{"line":189,"column":55}},"60":{"start":{"line":190,"column":6},"end":{"line":190,"column":44}},"61":{"start":{"line":191,"column":6},"end":{"line":191,"column":12}},"62":{"start":{"line":195,"column":6},"end":{"line":195,"column":54}},"63":{"start":{"line":196,"column":6},"end":{"line":196,"column":44}},"64":{"start":{"line":197,"column":6},"end":{"line":197,"column":12}},"65":{"start":{"line":201,"column":6},"end":{"line":201,"column":14}},"66":{"start":{"line":202,"column":6},"end":{"line":202,"column":12}},"67":{"start":{"line":210,"column":2},"end":{"line":210,"column":41}},"68":{"start":{"line":211,"column":2},"end":{"line":211,"column":43}},"69":{"start":{"line":212,"column":2},"end":{"line":212,"column":43}},"70":{"start":{"line":214,"column":2},"end":{"line":214,"column":54}},"71":{"start":{"line":215,"column":2},"end":{"line":215,"column":53}},"72":{"start":{"line":224,"column":2},"end":{"line":224,"column":15}},"73":{"start":{"line":233,"column":2},"end":{"line":233,"column":18}},"74":{"start":{"line":237,"column":0},"end":{"line":237,"column":28}},"75":{"start":{"line":238,"column":0},"end":{"line":238,"column":28}},"76":{"start":{"line":239,"column":0},"end":{"line":239,"column":34}},"77":{"start":{"line":240,"column":0},"end":{"line":240,"column":34}},"78":{"start":{"line":241,"column":0},"end":{"line":241,"column":32}},"79":{"start":{"line":242,"column":0},"end":{"line":242,"column":30}},"80":{"start":{"line":243,"column":0},"end":{"line":243,"column":36}},"81":{"start":{"line":244,"column":0},"end":{"line":244,"column":34}},"82":{"start":{"line":245,"column":0},"end":{"line":245,"column":22}},"83":{"start":{"line":246,"column":0},"end":{"line":246,"column":32}},"84":{"start":{"line":247,"column":0},"end":{"line":247,"column":34}}},"fnMap":{"0":{"name":"startTimer","decl":{"start":{"line":42,"column":9},"end":{"line":42,"column":19}},"loc":{"start":{"line":42,"column":22},"end":{"line":62,"column":1}},"line":42},"1":{"name":"stopTimer","decl":{"start":{"line":68,"column":9},"end":{"line":68,"column":18}},"loc":{"start":{"line":68,"column":21},"end":{"line":71,"column":1}},"line":68},"2":{"name":"changeCycles","decl":{"start":{"line":78,"column":9},"end":{"line":78,"column":21}},"loc":{"start":{"line":78,"column":24},"end":{"line":112,"column":1}},"line":78},"3":{"name":"clearCubes","decl":{"start":{"line":117,"column":9},"end":{"line":117,"column":19}},"loc":{"start":{"line":117,"column":22},"end":{"line":121,"column":1}},"line":117},"4":{"name":"reset","decl":{"start":{"line":126,"column":9},"end":{"line":126,"column":14}},"loc":{"start":{"line":126,"column":17},"end":{"line":129,"column":1}},"line":126},"5":{"name":"setCycle","decl":{"start":{"line":135,"column":9},"end":{"line":135,"column":17}},"loc":{"start":{"line":135,"column":26},"end":{"line":144,"column":1}},"line":135},"6":{"name":"setNumPomos","decl":{"start":{"line":150,"column":9},"end":{"line":150,"column":20}},"loc":{"start":{"line":150,"column":32},"end":{"line":171,"column":1}},"line":150},"7":{"name":"changeStyle","decl":{"start":{"line":178,"column":9},"end":{"line":178,"column":20}},"loc":{"start":{"line":178,"column":23},"end":{"line":204,"column":1}},"line":178},"8":{"name":"clearStyles","decl":{"start":{"line":209,"column":9},"end":{"line":209,"column":20}},"loc":{"start":{"line":209,"column":23},"end":{"line":216,"column":1}},"line":209},"9":{"name":"getCycle","decl":{"start":{"line":223,"column":9},"end":{"line":223,"column":17}},"loc":{"start":{"line":223,"column":20},"end":{"line":225,"column":1}},"line":223},"10":{"name":"getNumPomos","decl":{"start":{"line":232,"column":9},"end":{"line":232,"column":20}},"loc":{"start":{"line":232,"column":23},"end":{"line":234,"column":1}},"line":232}},"branchMap":{"0":{"loc":{"start":{"line":43,"column":2},"end":{"line":59,"column":3}},"type":"switch","locations":[{"start":{"line":44,"column":4},"end":{"line":46,"column":12}},{"start":{"line":48,"column":4},"end":{"line":50,"column":12}},{"start":{"line":52,"column":4},"end":{"line":54,"column":12}},{"start":{"line":56,"column":4},"end":{"line":58,"column":13}}],"line":43},"1":{"loc":{"start":{"line":80,"column":2},"end":{"line":111,"column":3}},"type":"switch","locations":[{"start":{"line":82,"column":4},"end":{"line":92,"column":12}},{"start":{"line":95,"column":4},"end":{"line":97,"column":12}},{"start":{"line":103,"column":4},"end":{"line":106,"column":12}},{"start":{"line":109,"column":4},"end":{"line":110,"column":14}}],"line":80},"2":{"loc":{"start":{"line":86,"column":6},"end":{"line":90,"column":20}},"type":"if","locations":[{"start":{"line":86,"column":6},"end":{"line":90,"column":20}},{"start":{"line":86,"column":6},"end":{"line":90,"column":20}}],"line":86},"3":{"loc":{"start":{"line":140,"column":2},"end":{"line":141,"column":16}},"type":"if","locations":[{"start":{"line":140,"column":2},"end":{"line":141,"column":16}},{"start":{"line":140,"column":2},"end":{"line":141,"column":16}}],"line":140},"4":{"loc":{"start":{"line":157,"column":2},"end":{"line":162,"column":3}},"type":"if","locations":[{"start":{"line":157,"column":2},"end":{"line":162,"column":3}},{"start":{"line":157,"column":2},"end":{"line":162,"column":3}}],"line":157},"5":{"loc":{"start":{"line":158,"column":4},"end":{"line":161,"column":30}},"type":"if","locations":[{"start":{"line":158,"column":4},"end":{"line":161,"column":30}},{"start":{"line":158,"column":4},"end":{"line":161,"column":30}}],"line":158},"6":{"loc":{"start":{"line":181,"column":2},"end":{"line":203,"column":3}},"type":"switch","locations":[{"start":{"line":183,"column":4},"end":{"line":185,"column":12}},{"start":{"line":188,"column":4},"end":{"line":191,"column":12}},{"start":{"line":194,"column":4},"end":{"line":197,"column":12}},{"start":{"line":200,"column":4},"end":{"line":202,"column":12}}],"line":181}},"s":{"0":1,"1":1,"2":1,"3":1,"4":1,"5":1,"6":1,"7":1,"8":1,"9":31,"10":20,"11":20,"12":5,"13":5,"14":4,"15":4,"16":2,"17":2,"18":29,"19":31,"20":31,"21":10,"22":10,"23":6,"24":6,"25":4,"26":2,"27":6,"28":3,"29":3,"30":1,"31":1,"32":1,"33":0,"34":24,"35":24,"36":96,"37":10,"38":10,"39":29,"40":29,"41":29,"42":29,"43":29,"44":22,"45":22,"46":22,"47":22,"48":10,"49":2,"50":8,"51":22,"52":22,"53":23,"54":22,"55":31,"56":31,"57":21,"58":21,"59":5,"60":5,"61":5,"62":5,"63":5,"64":5,"65":0,"66":0,"67":32,"68":32,"69":32,"70":32,"71":32,"72":15,"73":14,"74":1,"75":1,"76":1,"77":1,"78":1,"79":1,"80":1,"81":1,"82":1,"83":1,"84":1},"f":{"0":31,"1":31,"2":10,"3":24,"4":10,"5":29,"6":22,"7":31,"8":32,"9":15,"10":14},"b":{"0":[20,5,4,2],"1":[6,3,1,0],"2":[4,2],"3":[29,0],"4":[10,12],"5":[2,8],"6":[21,5,5,0]},"_coverageSchema":"1a1c01bbd47fc00a2c39e90264f33305004495a9","hash":"56794c9bb444949e375dd4426c7a9312d265618d"}
,"C:\\Users\\wilso\\github\\cse110-w21-group32\\source\\js\\timer.js": {"path":"C:\\Users\\wilso\\github\\cse110-w21-group32\\source\\js\\timer.js","statementMap":{"0":{"start":{"line":6,"column":12},"end":{"line":6,"column":17}},"1":{"start":{"line":10,"column":21},"end":{"line":10,"column":41}},"2":{"start":{"line":13,"column":16},"end":{"line":13,"column":48}},"3":{"start":{"line":16,"column":23},"end":{"line":16,"column":59}},"4":{"start":{"line":22,"column":0},"end":{"line":26,"column":8}},"5":{"start":{"line":23,"column":2},"end":{"line":25,"column":3}},"6":{"start":{"line":24,"column":4},"end":{"line":24,"column":16}},"7":{"start":{"line":34,"column":2},"end":{"line":34,"column":15}},"8":{"start":{"line":35,"column":2},"end":{"line":35,"column":18}},"9":{"start":{"line":38,"column":2},"end":{"line":38,"column":74}},"10":{"start":{"line":40,"column":2},"end":{"line":40,"column":40}},"11":{"start":{"line":47,"column":2},"end":{"line":47,"column":16}},"12":{"start":{"line":50,"column":2},"end":{"line":50,"column":78}},"13":{"start":{"line":51,"column":2},"end":{"line":51,"column":43}},"14":{"start":{"line":59,"column":20},"end":{"line":59,"column":57}},"15":{"start":{"line":62,"column":16},"end":{"line":62,"column":74}},"16":{"start":{"line":63,"column":16},"end":{"line":63,"column":62}},"17":{"start":{"line":66,"column":2},"end":{"line":72,"column":3}},"18":{"start":{"line":67,"column":4},"end":{"line":67,"column":18}},"19":{"start":{"line":70,"column":4},"end":{"line":70,"column":19}},"20":{"start":{"line":71,"column":4},"end":{"line":71,"column":11}},"21":{"start":{"line":75,"column":2},"end":{"line":75,"column":55}},"22":{"start":{"line":76,"column":2},"end":{"line":76,"column":61}},"23":{"start":{"line":79,"column":2},"end":{"line":79,"column":55}},"24":{"start":{"line":82,"column":2},"end":{"line":87,"column":3}},"25":{"start":{"line":83,"column":4},"end":{"line":83,"column":59}},"26":{"start":{"line":86,"column":4},"end":{"line":86,"column":59}},"27":{"start":{"line":96,"column":2},"end":{"line":96,"column":15}},"28":{"start":{"line":105,"column":2},"end":{"line":105,"column":18}},"29":{"start":{"line":114,"column":2},"end":{"line":114,"column":23}},"30":{"start":{"line":118,"column":0},"end":{"line":118,"column":40}},"31":{"start":{"line":119,"column":0},"end":{"line":119,"column":38}},"32":{"start":{"line":120,"column":0},"end":{"line":120,"column":30}},"33":{"start":{"line":121,"column":0},"end":{"line":121,"column":28}},"34":{"start":{"line":122,"column":0},"end":{"line":122,"column":34}},"35":{"start":{"line":123,"column":0},"end":{"line":123,"column":34}}},"fnMap":{"0":{"name":"(anonymous_0)","decl":{"start":{"line":22,"column":12},"end":{"line":22,"column":13}},"loc":{"start":{"line":22,"column":18},"end":{"line":26,"column":1}},"line":22},"1":{"name":"startCountdown","decl":{"start":{"line":33,"column":9},"end":{"line":33,"column":23}},"loc":{"start":{"line":33,"column":30},"end":{"line":41,"column":1}},"line":33},"2":{"name":"stopCountdown","decl":{"start":{"line":46,"column":9},"end":{"line":46,"column":22}},"loc":{"start":{"line":46,"column":25},"end":{"line":52,"column":1}},"line":46},"3":{"name":"countdown","decl":{"start":{"line":57,"column":9},"end":{"line":57,"column":18}},"loc":{"start":{"line":57,"column":21},"end":{"line":88,"column":1}},"line":57},"4":{"name":"getStart","decl":{"start":{"line":95,"column":9},"end":{"line":95,"column":17}},"loc":{"start":{"line":95,"column":20},"end":{"line":97,"column":1}},"line":95},"5":{"name":"getDuration","decl":{"start":{"line":104,"column":9},"end":{"line":104,"column":20}},"loc":{"start":{"line":104,"column":23},"end":{"line":106,"column":1}},"line":104},"6":{"name":"setDuration","decl":{"start":{"line":113,"column":9},"end":{"line":113,"column":20}},"loc":{"start":{"line":113,"column":32},"end":{"line":115,"column":1}},"line":113}},"branchMap":{"0":{"loc":{"start":{"line":23,"column":2},"end":{"line":25,"column":3}},"type":"if","locations":[{"start":{"line":23,"column":2},"end":{"line":25,"column":3}},{"start":{"line":23,"column":2},"end":{"line":25,"column":3}}],"line":23},"1":{"loc":{"start":{"line":66,"column":2},"end":{"line":72,"column":3}},"type":"if","locations":[{"start":{"line":66,"column":2},"end":{"line":72,"column":3}},{"start":{"line":66,"column":2},"end":{"line":72,"column":3}}],"line":66},"2":{"loc":{"start":{"line":82,"column":2},"end":{"line":87,"column":3}},"type":"if","locations":[{"start":{"line":82,"column":2},"end":{"line":87,"column":3}},{"start":{"line":82,"column":2},"end":{"line":87,"column":3}}],"line":82}},"s":{"0":1,"1":1,"2":1,"3":1,"4":1,"5":2,"6":1,"7":5,"8":5,"9":5,"10":5,"11":3,"12":3,"13":3,"14":5,"15":5,"16":5,"17":5,"18":1,"19":1,"20":1,"21":4,"22":4,"23":4,"24":4,"25":1,"26":3,"27":7,"28":2,"29":2,"30":1,"31":1,"32":1,"33":1,"34":1,"35":1},"f":{"0":2,"1":5,"2":3,"3":5,"4":7,"5":2,"6":2},"b":{"0":[1,1],"1":[1,4],"2":[1,3]},"_coverageSchema":"1a1c01bbd47fc00a2c39e90264f33305004495a9","hash":"34ecd813e5165005d6c8c4727f34c112658d4e04"}
}
