{"C:\\Users\\HB Huo\\Desktop\\cse110-w21-group32\\source\\js\\buttons.js": {"path":"C:\\Users\\HB Huo\\Desktop\\cse110-w21-group32\\source\\js\\buttons.js","statementMap":{"0":{"start":{"line":7,"column":20},"end":{"line":7,"column":59}},"1":{"start":{"line":9,"column":19},"end":{"line":9,"column":57}},"2":{"start":{"line":10,"column":0},"end":{"line":10,"column":27}},"3":{"start":{"line":13,"column":23},"end":{"line":13,"column":63}},"4":{"start":{"line":15,"column":24},"end":{"line":15,"column":71}},"5":{"start":{"line":17,"column":23},"end":{"line":17,"column":69}},"6":{"start":{"line":20,"column":15},"end":{"line":20,"column":48}},"7":{"start":{"line":22,"column":18},"end":{"line":22,"column":55}},"8":{"start":{"line":23,"column":19},"end":{"line":23,"column":57}},"9":{"start":{"line":24,"column":24},"end":{"line":24,"column":61}},"10":{"start":{"line":26,"column":22},"end":{"line":26,"column":63}},"11":{"start":{"line":27,"column":23},"end":{"line":27,"column":65}},"12":{"start":{"line":28,"column":28},"end":{"line":28,"column":69}},"13":{"start":{"line":31,"column":19},"end":{"line":41,"column":1}},"14":{"start":{"line":44,"column":21},"end":{"line":44,"column":35}},"15":{"start":{"line":45,"column":21},"end":{"line":45,"column":61}},"16":{"start":{"line":48,"column":18},"end":{"line":48,"column":55}},"17":{"start":{"line":50,"column":0},"end":{"line":50,"column":42}},"18":{"start":{"line":58,"column":0},"end":{"line":61,"column":3}},"19":{"start":{"line":59,"column":2},"end":{"line":59,"column":15}},"20":{"start":{"line":60,"column":2},"end":{"line":60,"column":17}},"21":{"start":{"line":64,"column":2},"end":{"line":64,"column":30}},"22":{"start":{"line":65,"column":2},"end":{"line":65,"column":30}},"23":{"start":{"line":67,"column":2},"end":{"line":67,"column":33}},"24":{"start":{"line":68,"column":2},"end":{"line":68,"column":34}},"25":{"start":{"line":69,"column":2},"end":{"line":69,"column":33}},"26":{"start":{"line":78,"column":0},"end":{"line":81,"column":3}},"27":{"start":{"line":79,"column":2},"end":{"line":79,"column":14}},"28":{"start":{"line":80,"column":2},"end":{"line":80,"column":16}},"29":{"start":{"line":84,"column":2},"end":{"line":84,"column":31}},"30":{"start":{"line":85,"column":2},"end":{"line":85,"column":29}},"31":{"start":{"line":87,"column":2},"end":{"line":87,"column":34}},"32":{"start":{"line":88,"column":2},"end":{"line":88,"column":35}},"33":{"start":{"line":89,"column":2},"end":{"line":89,"column":34}},"34":{"start":{"line":96,"column":2},"end":{"line":96,"column":43}},"35":{"start":{"line":97,"column":2},"end":{"line":97,"column":47}},"36":{"start":{"line":98,"column":2},"end":{"line":98,"column":37}},"37":{"start":{"line":105,"column":0},"end":{"line":108,"column":2}},"38":{"start":{"line":106,"column":2},"end":{"line":106,"column":43}},"39":{"start":{"line":107,"column":2},"end":{"line":107,"column":37}},"40":{"start":{"line":114,"column":0},"end":{"line":114,"column":54}},"41":{"start":{"line":120,"column":0},"end":{"line":123,"column":2}},"42":{"start":{"line":121,"column":2},"end":{"line":121,"column":47}},"43":{"start":{"line":122,"column":2},"end":{"line":122,"column":37}},"44":{"start":{"line":129,"column":0},"end":{"line":129,"column":58}},"45":{"start":{"line":135,"column":0},"end":{"line":141,"column":3}},"46":{"start":{"line":136,"column":2},"end":{"line":136,"column":38}},"47":{"start":{"line":137,"column":2},"end":{"line":140,"column":3}},"48":{"start":{"line":138,"column":4},"end":{"line":138,"column":17}},"49":{"start":{"line":139,"column":4},"end":{"line":139,"column":16}},"50":{"start":{"line":147,"column":0},"end":{"line":153,"column":3}},"51":{"start":{"line":148,"column":2},"end":{"line":148,"column":41}},"52":{"start":{"line":149,"column":2},"end":{"line":152,"column":3}},"53":{"start":{"line":150,"column":4},"end":{"line":150,"column":17}},"54":{"start":{"line":151,"column":4},"end":{"line":151,"column":16}},"55":{"start":{"line":159,"column":0},"end":{"line":165,"column":3}},"56":{"start":{"line":160,"column":2},"end":{"line":160,"column":40}},"57":{"start":{"line":161,"column":2},"end":{"line":164,"column":3}},"58":{"start":{"line":162,"column":4},"end":{"line":162,"column":17}},"59":{"start":{"line":163,"column":4},"end":{"line":163,"column":16}},"60":{"start":{"line":172,"column":0},"end":{"line":191,"column":3}},"61":{"start":{"line":174,"column":18},"end":{"line":174,"column":57}},"62":{"start":{"line":176,"column":2},"end":{"line":176,"column":44}},"63":{"start":{"line":178,"column":12},"end":{"line":178,"column":30}},"64":{"start":{"line":179,"column":2},"end":{"line":190,"column":3}},"65":{"start":{"line":180,"column":4},"end":{"line":180,"column":47}},"66":{"start":{"line":182,"column":9},"end":{"line":190,"column":3}},"67":{"start":{"line":183,"column":4},"end":{"line":183,"column":47}},"68":{"start":{"line":185,"column":9},"end":{"line":190,"column":3}},"69":{"start":{"line":186,"column":4},"end":{"line":186,"column":47}},"70":{"start":{"line":189,"column":4},"end":{"line":189,"column":47}},"71":{"start":{"line":199,"column":0},"end":{"line":207,"column":2}},"72":{"start":{"line":200,"column":2},"end":{"line":206,"column":3}},"73":{"start":{"line":201,"column":22},"end":{"line":201,"column":61}},"74":{"start":{"line":203,"column":24},"end":{"line":203,"column":41}},"75":{"start":{"line":204,"column":4},"end":{"line":204,"column":46}},"76":{"start":{"line":205,"column":4},"end":{"line":205,"column":21}},"77":{"start":{"line":214,"column":1},"end":{"line":216,"column":2}},"78":{"start":{"line":215,"column":2},"end":{"line":215,"column":19}},"79":{"start":{"line":218,"column":0},"end":{"line":218,"column":32}}},"fnMap":{"0":{"name":"(anonymous_0)","decl":{"start":{"line":58,"column":38},"end":{"line":58,"column":39}},"loc":{"start":{"line":58,"column":50},"end":{"line":61,"column":1}},"line":58},"1":{"name":"disableStart","decl":{"start":{"line":63,"column":9},"end":{"line":63,"column":21}},"loc":{"start":{"line":63,"column":24},"end":{"line":70,"column":1}},"line":63},"2":{"name":"(anonymous_2)","decl":{"start":{"line":78,"column":37},"end":{"line":78,"column":38}},"loc":{"start":{"line":78,"column":49},"end":{"line":81,"column":1}},"line":78},"3":{"name":"enableStart","decl":{"start":{"line":83,"column":9},"end":{"line":83,"column":20}},"loc":{"start":{"line":83,"column":23},"end":{"line":90,"column":1}},"line":83},"4":{"name":"closePopup","decl":{"start":{"line":95,"column":9},"end":{"line":95,"column":19}},"loc":{"start":{"line":95,"column":22},"end":{"line":99,"column":1}},"line":95},"5":{"name":"(anonymous_5)","decl":{"start":{"line":105,"column":21},"end":{"line":105,"column":22}},"loc":{"start":{"line":105,"column":33},"end":{"line":108,"column":1}},"line":105},"6":{"name":"(anonymous_6)","decl":{"start":{"line":120,"column":25},"end":{"line":120,"column":26}},"loc":{"start":{"line":120,"column":37},"end":{"line":123,"column":1}},"line":120},"7":{"name":"(anonymous_7)","decl":{"start":{"line":135,"column":42},"end":{"line":135,"column":43}},"loc":{"start":{"line":135,"column":54},"end":{"line":141,"column":1}},"line":135},"8":{"name":"(anonymous_8)","decl":{"start":{"line":147,"column":43},"end":{"line":147,"column":44}},"loc":{"start":{"line":147,"column":54},"end":{"line":153,"column":1}},"line":147},"9":{"name":"(anonymous_9)","decl":{"start":{"line":159,"column":42},"end":{"line":159,"column":43}},"loc":{"start":{"line":159,"column":53},"end":{"line":165,"column":1}},"line":159},"10":{"name":"(anonymous_10)","decl":{"start":{"line":172,"column":39},"end":{"line":172,"column":40}},"loc":{"start":{"line":172,"column":49},"end":{"line":191,"column":1}},"line":172},"11":{"name":"(anonymous_11)","decl":{"start":{"line":199,"column":46},"end":{"line":199,"column":47}},"loc":{"start":{"line":199,"column":56},"end":{"line":207,"column":1}},"line":199},"12":{"name":"(anonymous_12)","decl":{"start":{"line":200,"column":53},"end":{"line":200,"column":54}},"loc":{"start":{"line":200,"column":63},"end":{"line":206,"column":3}},"line":200},"13":{"name":"(anonymous_13)","decl":{"start":{"line":214,"column":49},"end":{"line":214,"column":50}},"loc":{"start":{"line":214,"column":59},"end":{"line":216,"column":1}},"line":214}},"branchMap":{"0":{"loc":{"start":{"line":137,"column":2},"end":{"line":140,"column":3}},"type":"if","locations":[{"start":{"line":137,"column":2},"end":{"line":140,"column":3}},{"start":{"line":137,"column":2},"end":{"line":140,"column":3}}],"line":137},"1":{"loc":{"start":{"line":149,"column":2},"end":{"line":152,"column":3}},"type":"if","locations":[{"start":{"line":149,"column":2},"end":{"line":152,"column":3}},{"start":{"line":149,"column":2},"end":{"line":152,"column":3}}],"line":149},"2":{"loc":{"start":{"line":161,"column":2},"end":{"line":164,"column":3}},"type":"if","locations":[{"start":{"line":161,"column":2},"end":{"line":164,"column":3}},{"start":{"line":161,"column":2},"end":{"line":164,"column":3}}],"line":161},"3":{"loc":{"start":{"line":179,"column":2},"end":{"line":190,"column":3}},"type":"if","locations":[{"start":{"line":179,"column":2},"end":{"line":190,"column":3}},{"start":{"line":179,"column":2},"end":{"line":190,"column":3}}],"line":179},"4":{"loc":{"start":{"line":182,"column":9},"end":{"line":190,"column":3}},"type":"if","locations":[{"start":{"line":182,"column":9},"end":{"line":190,"column":3}},{"start":{"line":182,"column":9},"end":{"line":190,"column":3}}],"line":182},"5":{"loc":{"start":{"line":185,"column":9},"end":{"line":190,"column":3}},"type":"if","locations":[{"start":{"line":185,"column":9},"end":{"line":190,"column":3}},{"start":{"line":185,"column":9},"end":{"line":190,"column":3}}],"line":185}},"s":{"0":1,"1":1,"2":1,"3":1,"4":1,"5":1,"6":1,"7":1,"8":1,"9":1,"10":1,"11":1,"12":1,"13":1,"14":1,"15":1,"16":1,"17":1,"18":1,"19":1,"20":1,"21":1,"22":1,"23":1,"24":1,"25":1,"26":1,"27":1,"28":1,"29":1,"30":1,"31":1,"32":1,"33":1,"34":3,"35":3,"36":3,"37":1,"38":1,"39":1,"40":1,"41":1,"42":1,"43":1,"44":1,"45":1,"46":0,"47":0,"48":0,"49":0,"50":1,"51":0,"52":0,"53":0,"54":0,"55":1,"56":0,"57":0,"58":0,"59":0,"60":1,"61":3,"62":3,"63":3,"64":3,"65":1,"66":2,"67":0,"68":2,"69":1,"70":1,"71":1,"72":0,"73":0,"74":0,"75":0,"76":0,"77":1,"78":1,"79":1},"f":{"0":1,"1":1,"2":1,"3":1,"4":3,"5":1,"6":1,"7":0,"8":0,"9":0,"10":3,"11":0,"12":0,"13":1},"b":{"0":[0,0],"1":[0,0],"2":[0,0],"3":[1,2],"4":[0,2],"5":[1,1]},"_coverageSchema":"1a1c01bbd47fc00a2c39e90264f33305004495a9","hash":"7aec0eb6a8441f2bda99a89b63e1b722fa726312"}
,"C:\\Users\\HB Huo\\Desktop\\cse110-w21-group32\\source\\js\\controller.js": {"path":"C:\\Users\\HB Huo\\Desktop\\cse110-w21-group32\\source\\js\\controller.js","statementMap":{"0":{"start":{"line":14,"column":12},"end":{"line":14,"column":13}},"1":{"start":{"line":21,"column":15},"end":{"line":21,"column":16}},"2":{"start":{"line":24,"column":15},"end":{"line":24,"column":17}},"3":{"start":{"line":26,"column":17},"end":{"line":26,"column":18}},"4":{"start":{"line":28,"column":17},"end":{"line":28,"column":19}},"5":{"start":{"line":31,"column":16},"end":{"line":31,"column":21}},"6":{"start":{"line":33,"column":16},"end":{"line":33,"column":51}},"7":{"start":{"line":34,"column":18},"end":{"line":34,"column":60}},"8":{"start":{"line":35,"column":18},"end":{"line":35,"column":59}},"9":{"start":{"line":43,"column":2},"end":{"line":59,"column":3}},"10":{"start":{"line":45,"column":6},"end":{"line":45,"column":31}},"11":{"start":{"line":46,"column":4},"end":{"line":46,"column":10}},"12":{"start":{"line":49,"column":6},"end":{"line":49,"column":33}},"13":{"start":{"line":50,"column":4},"end":{"line":50,"column":10}},"14":{"start":{"line":53,"column":6},"end":{"line":53,"column":33}},"15":{"start":{"line":54,"column":4},"end":{"line":54,"column":10}},"16":{"start":{"line":57,"column":6},"end":{"line":57,"column":14}},"17":{"start":{"line":58,"column":6},"end":{"line":58,"column":13}},"18":{"start":{"line":61,"column":2},"end":{"line":61,"column":17}},"19":{"start":{"line":69,"column":2},"end":{"line":69,"column":18}},"20":{"start":{"line":70,"column":2},"end":{"line":70,"column":16}},"21":{"start":{"line":80,"column":2},"end":{"line":80,"column":19}},"22":{"start":{"line":82,"column":2},"end":{"line":82,"column":17}},"23":{"start":{"line":92,"column":2},"end":{"line":119,"column":3}},"24":{"start":{"line":95,"column":6},"end":{"line":95,"column":32}},"25":{"start":{"line":97,"column":6},"end":{"line":101,"column":20}},"26":{"start":{"line":98,"column":8},"end":{"line":98,"column":20}},"27":{"start":{"line":101,"column":8},"end":{"line":101,"column":20}},"28":{"start":{"line":103,"column":6},"end":{"line":103,"column":12}},"29":{"start":{"line":107,"column":6},"end":{"line":107,"column":18}},"30":{"start":{"line":108,"column":6},"end":{"line":108,"column":12}},"31":{"start":{"line":112,"column":6},"end":{"line":112,"column":18}},"32":{"start":{"line":113,"column":6},"end":{"line":113,"column":19}},"33":{"start":{"line":114,"column":6},"end":{"line":114,"column":12}},"34":{"start":{"line":118,"column":6},"end":{"line":118,"column":14}},"35":{"start":{"line":126,"column":2},"end":{"line":128,"column":3}},"36":{"start":{"line":126,"column":15},"end":{"line":126,"column":16}},"37":{"start":{"line":127,"column":4},"end":{"line":127,"column":80}},"38":{"start":{"line":135,"column":2},"end":{"line":135,"column":14}},"39":{"start":{"line":136,"column":2},"end":{"line":136,"column":17}},"40":{"start":{"line":144,"column":2},"end":{"line":144,"column":17}},"41":{"start":{"line":146,"column":2},"end":{"line":146,"column":15}},"42":{"start":{"line":148,"column":2},"end":{"line":149,"column":16}},"43":{"start":{"line":149,"column":4},"end":{"line":149,"column":16}},"44":{"start":{"line":151,"column":2},"end":{"line":151,"column":16}},"45":{"start":{"line":159,"column":2},"end":{"line":159,"column":23}},"46":{"start":{"line":160,"column":2},"end":{"line":160,"column":15}},"47":{"start":{"line":162,"column":17},"end":{"line":162,"column":18}},"48":{"start":{"line":164,"column":2},"end":{"line":169,"column":3}},"49":{"start":{"line":165,"column":4},"end":{"line":168,"column":30}},"50":{"start":{"line":166,"column":6},"end":{"line":166,"column":19}},"51":{"start":{"line":168,"column":6},"end":{"line":168,"column":30}},"52":{"start":{"line":171,"column":2},"end":{"line":173,"column":3}},"53":{"start":{"line":171,"column":15},"end":{"line":171,"column":16}},"54":{"start":{"line":172,"column":4},"end":{"line":172,"column":77}},"55":{"start":{"line":176,"column":2},"end":{"line":176,"column":78}},"56":{"start":{"line":185,"column":2},"end":{"line":185,"column":16}},"57":{"start":{"line":187,"column":2},"end":{"line":209,"column":3}},"58":{"start":{"line":190,"column":6},"end":{"line":190,"column":42}},"59":{"start":{"line":191,"column":6},"end":{"line":191,"column":12}},"60":{"start":{"line":195,"column":6},"end":{"line":195,"column":55}},"61":{"start":{"line":196,"column":6},"end":{"line":196,"column":44}},"62":{"start":{"line":197,"column":6},"end":{"line":197,"column":12}},"63":{"start":{"line":201,"column":6},"end":{"line":201,"column":54}},"64":{"start":{"line":202,"column":6},"end":{"line":202,"column":44}},"65":{"start":{"line":203,"column":6},"end":{"line":203,"column":12}},"66":{"start":{"line":207,"column":6},"end":{"line":207,"column":14}},"67":{"start":{"line":208,"column":6},"end":{"line":208,"column":12}},"68":{"start":{"line":216,"column":2},"end":{"line":216,"column":41}},"69":{"start":{"line":217,"column":2},"end":{"line":217,"column":43}},"70":{"start":{"line":218,"column":2},"end":{"line":218,"column":43}},"71":{"start":{"line":220,"column":2},"end":{"line":220,"column":54}},"72":{"start":{"line":221,"column":2},"end":{"line":221,"column":53}},"73":{"start":{"line":229,"column":2},"end":{"line":229,"column":15}},"74":{"start":{"line":237,"column":2},"end":{"line":237,"column":18}},"75":{"start":{"line":242,"column":0},"end":{"line":242,"column":28}},"76":{"start":{"line":243,"column":0},"end":{"line":243,"column":28}},"77":{"start":{"line":244,"column":0},"end":{"line":244,"column":34}},"78":{"start":{"line":245,"column":0},"end":{"line":245,"column":34}},"79":{"start":{"line":246,"column":0},"end":{"line":246,"column":32}},"80":{"start":{"line":247,"column":0},"end":{"line":247,"column":30}},"81":{"start":{"line":248,"column":0},"end":{"line":248,"column":36}},"82":{"start":{"line":249,"column":0},"end":{"line":249,"column":34}},"83":{"start":{"line":250,"column":0},"end":{"line":250,"column":56}},"84":{"start":{"line":251,"column":0},"end":{"line":251,"column":22}}},"fnMap":{"0":{"name":"startTimer","decl":{"start":{"line":42,"column":9},"end":{"line":42,"column":19}},"loc":{"start":{"line":42,"column":22},"end":{"line":62,"column":1}},"line":42},"1":{"name":"stopTimer","decl":{"start":{"line":68,"column":9},"end":{"line":68,"column":18}},"loc":{"start":{"line":68,"column":21},"end":{"line":71,"column":1}},"line":68},"2":{"name":"changeCyclesController","decl":{"start":{"line":78,"column":9},"end":{"line":78,"column":31}},"loc":{"start":{"line":78,"column":33},"end":{"line":83,"column":1}},"line":78},"3":{"name":"changeCycles","decl":{"start":{"line":90,"column":9},"end":{"line":90,"column":21}},"loc":{"start":{"line":90,"column":24},"end":{"line":120,"column":1}},"line":90},"4":{"name":"clearCubes","decl":{"start":{"line":125,"column":9},"end":{"line":125,"column":19}},"loc":{"start":{"line":125,"column":22},"end":{"line":129,"column":1}},"line":125},"5":{"name":"reset","decl":{"start":{"line":134,"column":9},"end":{"line":134,"column":14}},"loc":{"start":{"line":134,"column":17},"end":{"line":137,"column":1}},"line":134},"6":{"name":"setCycle","decl":{"start":{"line":143,"column":9},"end":{"line":143,"column":17}},"loc":{"start":{"line":143,"column":26},"end":{"line":152,"column":1}},"line":143},"7":{"name":"setNumPomos","decl":{"start":{"line":158,"column":9},"end":{"line":158,"column":20}},"loc":{"start":{"line":158,"column":32},"end":{"line":177,"column":1}},"line":158},"8":{"name":"changeStyle","decl":{"start":{"line":184,"column":9},"end":{"line":184,"column":20}},"loc":{"start":{"line":184,"column":23},"end":{"line":210,"column":1}},"line":184},"9":{"name":"clearStyles","decl":{"start":{"line":215,"column":9},"end":{"line":215,"column":20}},"loc":{"start":{"line":215,"column":23},"end":{"line":222,"column":1}},"line":215},"10":{"name":"getCycle","decl":{"start":{"line":228,"column":9},"end":{"line":228,"column":17}},"loc":{"start":{"line":228,"column":20},"end":{"line":230,"column":1}},"line":228},"11":{"name":"getNumPomos","decl":{"start":{"line":236,"column":9},"end":{"line":236,"column":20}},"loc":{"start":{"line":236,"column":23},"end":{"line":238,"column":1}},"line":236}},"branchMap":{"0":{"loc":{"start":{"line":43,"column":2},"end":{"line":59,"column":3}},"type":"switch","locations":[{"start":{"line":44,"column":4},"end":{"line":46,"column":10}},{"start":{"line":48,"column":4},"end":{"line":50,"column":10}},{"start":{"line":52,"column":4},"end":{"line":54,"column":10}},{"start":{"line":56,"column":4},"end":{"line":58,"column":13}}],"line":43},"1":{"loc":{"start":{"line":92,"column":2},"end":{"line":119,"column":3}},"type":"switch","locations":[{"start":{"line":94,"column":4},"end":{"line":103,"column":12}},{"start":{"line":106,"column":4},"end":{"line":108,"column":12}},{"start":{"line":111,"column":4},"end":{"line":114,"column":12}},{"start":{"line":117,"column":4},"end":{"line":118,"column":14}}],"line":92},"2":{"loc":{"start":{"line":97,"column":6},"end":{"line":101,"column":20}},"type":"if","locations":[{"start":{"line":97,"column":6},"end":{"line":101,"column":20}},{"start":{"line":97,"column":6},"end":{"line":101,"column":20}}],"line":97},"3":{"loc":{"start":{"line":148,"column":2},"end":{"line":149,"column":16}},"type":"if","locations":[{"start":{"line":148,"column":2},"end":{"line":149,"column":16}},{"start":{"line":148,"column":2},"end":{"line":149,"column":16}}],"line":148},"4":{"loc":{"start":{"line":164,"column":2},"end":{"line":169,"column":3}},"type":"if","locations":[{"start":{"line":164,"column":2},"end":{"line":169,"column":3}},{"start":{"line":164,"column":2},"end":{"line":169,"column":3}}],"line":164},"5":{"loc":{"start":{"line":165,"column":4},"end":{"line":168,"column":30}},"type":"if","locations":[{"start":{"line":165,"column":4},"end":{"line":168,"column":30}},{"start":{"line":165,"column":4},"end":{"line":168,"column":30}}],"line":165},"6":{"loc":{"start":{"line":187,"column":2},"end":{"line":209,"column":3}},"type":"switch","locations":[{"start":{"line":189,"column":4},"end":{"line":191,"column":12}},{"start":{"line":194,"column":4},"end":{"line":197,"column":12}},{"start":{"line":200,"column":4},"end":{"line":203,"column":12}},{"start":{"line":206,"column":4},"end":{"line":208,"column":12}}],"line":187}},"s":{"0":1,"1":1,"2":1,"3":1,"4":1,"5":1,"6":1,"7":1,"8":1,"9":8,"10":8,"11":8,"12":0,"13":0,"14":0,"15":0,"16":0,"17":0,"18":8,"19":8,"20":8,"21":0,"22":0,"23":0,"24":0,"25":0,"26":0,"27":0,"28":0,"29":0,"30":0,"31":0,"32":0,"33":0,"34":0,"35":0,"36":0,"37":0,"38":8,"39":0,"40":8,"41":8,"42":8,"43":8,"44":8,"45":0,"46":0,"47":0,"48":0,"49":0,"50":0,"51":0,"52":0,"53":0,"54":0,"55":0,"56":8,"57":0,"58":0,"59":0,"60":0,"61":0,"62":0,"63":0,"64":0,"65":0,"66":0,"67":0,"68":8,"69":0,"70":0,"71":0,"72":0,"73":0,"74":0,"75":1,"76":1,"77":1,"78":1,"79":1,"80":1,"81":1,"82":1,"83":1,"84":1},"f":{"0":8,"1":8,"2":0,"3":0,"4":0,"5":8,"6":8,"7":0,"8":8,"9":8,"10":0,"11":0},"b":{"0":[8,0,0,0],"1":[0,0,0,0],"2":[0,0],"3":[8,0],"4":[0,0],"5":[0,0],"6":[0,0,0,0]},"_coverageSchema":"1a1c01bbd47fc00a2c39e90264f33305004495a9","hash":"b8428b86e8079dcebe5386b1179dd638e43f08c1"}
,"C:\\Users\\HB Huo\\Desktop\\cse110-w21-group32\\source\\js\\sum.js": {"path":"C:\\Users\\HB Huo\\Desktop\\cse110-w21-group32\\source\\js\\sum.js","statementMap":{"0":{"start":{"line":8,"column":2},"end":{"line":8,"column":15}},"1":{"start":{"line":11,"column":0},"end":{"line":11,"column":21}}},"fnMap":{"0":{"name":"sum","decl":{"start":{"line":7,"column":9},"end":{"line":7,"column":12}},"loc":{"start":{"line":7,"column":19},"end":{"line":9,"column":1}},"line":7}},"branchMap":{},"s":{"0":1,"1":1},"f":{"0":1},"b":{},"_coverageSchema":"1a1c01bbd47fc00a2c39e90264f33305004495a9","hash":"e21d37bef5c1b5cdd31b556e20315b6945ab664f"}
,"C:\\Users\\HB Huo\\Desktop\\cse110-w21-group32\\source\\js\\timer.js": {"path":"C:\\Users\\HB Huo\\Desktop\\cse110-w21-group32\\source\\js\\timer.js","statementMap":{"0":{"start":{"line":2,"column":12},"end":{"line":2,"column":17}},"1":{"start":{"line":6,"column":21},"end":{"line":6,"column":41}},"2":{"start":{"line":8,"column":16},"end":{"line":8,"column":48}},"3":{"start":{"line":9,"column":23},"end":{"line":9,"column":59}},"4":{"start":{"line":15,"column":0},"end":{"line":19,"column":8}},"5":{"start":{"line":16,"column":2},"end":{"line":18,"column":3}},"6":{"start":{"line":17,"column":4},"end":{"line":17,"column":16}},"7":{"start":{"line":27,"column":2},"end":{"line":27,"column":15}},"8":{"start":{"line":28,"column":2},"end":{"line":28,"column":18}},"9":{"start":{"line":31,"column":2},"end":{"line":31,"column":74}},"10":{"start":{"line":33,"column":2},"end":{"line":33,"column":40}},"11":{"start":{"line":40,"column":2},"end":{"line":40,"column":16}},"12":{"start":{"line":43,"column":2},"end":{"line":43,"column":78}},"13":{"start":{"line":44,"column":2},"end":{"line":44,"column":43}},"14":{"start":{"line":52,"column":20},"end":{"line":52,"column":57}},"15":{"start":{"line":55,"column":16},"end":{"line":55,"column":74}},"16":{"start":{"line":56,"column":16},"end":{"line":56,"column":62}},"17":{"start":{"line":59,"column":2},"end":{"line":65,"column":3}},"18":{"start":{"line":60,"column":4},"end":{"line":60,"column":18}},"19":{"start":{"line":63,"column":4},"end":{"line":63,"column":29}},"20":{"start":{"line":64,"column":4},"end":{"line":64,"column":11}},"21":{"start":{"line":68,"column":2},"end":{"line":68,"column":55}},"22":{"start":{"line":69,"column":2},"end":{"line":69,"column":61}},"23":{"start":{"line":72,"column":2},"end":{"line":72,"column":55}},"24":{"start":{"line":75,"column":2},"end":{"line":80,"column":3}},"25":{"start":{"line":76,"column":4},"end":{"line":76,"column":59}},"26":{"start":{"line":79,"column":4},"end":{"line":79,"column":59}},"27":{"start":{"line":88,"column":2},"end":{"line":88,"column":15}},"28":{"start":{"line":96,"column":2},"end":{"line":96,"column":18}},"29":{"start":{"line":104,"column":2},"end":{"line":104,"column":23}},"30":{"start":{"line":107,"column":0},"end":{"line":107,"column":40}},"31":{"start":{"line":108,"column":0},"end":{"line":108,"column":38}},"32":{"start":{"line":109,"column":0},"end":{"line":109,"column":30}},"33":{"start":{"line":110,"column":0},"end":{"line":110,"column":28}},"34":{"start":{"line":111,"column":0},"end":{"line":111,"column":34}},"35":{"start":{"line":112,"column":0},"end":{"line":112,"column":34}}},"fnMap":{"0":{"name":"(anonymous_0)","decl":{"start":{"line":15,"column":12},"end":{"line":15,"column":13}},"loc":{"start":{"line":15,"column":18},"end":{"line":19,"column":1}},"line":15},"1":{"name":"startCountdown","decl":{"start":{"line":26,"column":9},"end":{"line":26,"column":23}},"loc":{"start":{"line":26,"column":30},"end":{"line":34,"column":1}},"line":26},"2":{"name":"stopCountdown","decl":{"start":{"line":39,"column":9},"end":{"line":39,"column":22}},"loc":{"start":{"line":39,"column":25},"end":{"line":45,"column":1}},"line":39},"3":{"name":"countdown","decl":{"start":{"line":50,"column":9},"end":{"line":50,"column":18}},"loc":{"start":{"line":50,"column":21},"end":{"line":81,"column":1}},"line":50},"4":{"name":"getStart","decl":{"start":{"line":87,"column":9},"end":{"line":87,"column":17}},"loc":{"start":{"line":87,"column":20},"end":{"line":89,"column":1}},"line":87},"5":{"name":"getDuration","decl":{"start":{"line":95,"column":9},"end":{"line":95,"column":20}},"loc":{"start":{"line":95,"column":23},"end":{"line":97,"column":1}},"line":95},"6":{"name":"setDuration","decl":{"start":{"line":103,"column":9},"end":{"line":103,"column":20}},"loc":{"start":{"line":103,"column":32},"end":{"line":105,"column":1}},"line":103}},"branchMap":{"0":{"loc":{"start":{"line":16,"column":2},"end":{"line":18,"column":3}},"type":"if","locations":[{"start":{"line":16,"column":2},"end":{"line":18,"column":3}},{"start":{"line":16,"column":2},"end":{"line":18,"column":3}}],"line":16},"1":{"loc":{"start":{"line":59,"column":2},"end":{"line":65,"column":3}},"type":"if","locations":[{"start":{"line":59,"column":2},"end":{"line":65,"column":3}},{"start":{"line":59,"column":2},"end":{"line":65,"column":3}}],"line":59},"2":{"loc":{"start":{"line":75,"column":2},"end":{"line":80,"column":3}},"type":"if","locations":[{"start":{"line":75,"column":2},"end":{"line":80,"column":3}},{"start":{"line":75,"column":2},"end":{"line":80,"column":3}}],"line":75}},"s":{"0":1,"1":1,"2":1,"3":1,"4":1,"5":0,"6":0,"7":3,"8":3,"9":3,"10":0,"11":0,"12":0,"13":0,"14":0,"15":0,"16":0,"17":0,"18":0,"19":0,"20":0,"21":0,"22":0,"23":0,"24":0,"25":0,"26":0,"27":0,"28":2,"29":2,"30":1,"31":1,"32":1,"33":1,"34":1,"35":1},"f":{"0":0,"1":3,"2":0,"3":0,"4":0,"5":2,"6":2},"b":{"0":[0,0],"1":[0,0],"2":[0,0]},"_coverageSchema":"1a1c01bbd47fc00a2c39e90264f33305004495a9","hash":"d7f8075e72c015bb6053beff1e0392318e3a30a4"}
}
