TN:
SF:source\js\buttons.js
FN:58,(anonymous_0)
FN:67,disableStart
FN:82,(anonymous_2)
FN:91,enableStart
FN:103,closePopup
FN:113,(anonymous_5)
FN:128,(anonymous_6)
FN:143,(anonymous_7)
FN:155,(anonymous_8)
FN:167,(anonymous_9)
FN:180,(anonymous_10)
FN:214,(anonymous_11)
FN:215,(anonymous_12)
FN:229,(anonymous_13)
FNF:14
FNH:9
FNDA:1,(anonymous_0)
FNDA:2,disableStart
FNDA:1,(anonymous_2)
FNDA:2,enableStart
FNDA:3,closePopup
FNDA:1,(anonymous_5)
FNDA:1,(anonymous_6)
FNDA:0,(anonymous_7)
FNDA:0,(anonymous_8)
FNDA:0,(anonymous_9)
FNDA:3,(anonymous_10)
FNDA:0,(anonymous_11)
FNDA:0,(anonymous_12)
FNDA:1,(anonymous_13)
DA:6,1
DA:8,1
DA:9,1
DA:12,1
DA:14,1
DA:16,1
DA:19,1
DA:21,1
DA:22,1
DA:23,1
DA:25,1
DA:26,1
DA:27,1
DA:30,1
DA:43,1
DA:44,1
DA:47,1
DA:50,1
DA:58,1
DA:59,1
DA:60,1
DA:68,2
DA:69,2
DA:71,2
DA:72,2
DA:73,2
DA:82,1
DA:83,1
DA:84,1
DA:92,2
DA:93,2
DA:95,2
DA:96,2
DA:97,2
DA:104,3
DA:105,3
DA:106,3
DA:113,1
DA:114,1
DA:115,1
DA:122,1
DA:128,1
DA:129,1
DA:130,1
DA:137,1
DA:143,1
DA:144,0
DA:145,0
DA:146,0
DA:147,0
DA:155,1
DA:156,0
DA:157,0
DA:158,0
DA:159,0
DA:167,1
DA:168,0
DA:169,0
DA:170,0
DA:171,0
DA:180,1
DA:182,3
DA:184,3
DA:186,3
DA:188,3
DA:189,1
DA:193,2
DA:194,0
DA:198,2
DA:199,1
DA:204,1
DA:214,1
DA:215,0
DA:216,0
DA:218,0
DA:219,0
DA:220,0
DA:229,1
DA:230,1
DA:235,1
DA:236,1
DA:237,1
LF:82
LH:64
BRDA:145,0,0,0
BRDA:145,0,1,0
BRDA:157,1,0,0
BRDA:157,1,1,0
BRDA:169,2,0,0
BRDA:169,2,1,0
BRDA:188,3,0,1
BRDA:188,3,1,2
BRDA:193,4,0,0
BRDA:193,4,1,2
BRDA:198,5,0,1
BRDA:198,5,1,1
BRF:12
BRH:5
end_of_record
TN:
SF:source\js\controller.js
FN:42,startTimer
FN:68,stopTimer
FN:78,changeCycles
FN:117,clearCubes
FN:126,reset
FN:135,setCycle
FN:150,setNumPomos
FN:178,changeStyle
FN:209,clearStyles
FN:223,getCycle
FN:232,getNumPomos
FNF:11
FNH:11
FNDA:28,startTimer
FNDA:28,stopTimer
FNDA:10,changeCycles
FNDA:22,clearCubes
FNDA:8,reset
FNDA:26,setCycle
FNDA:20,setNumPomos
FNDA:28,changeStyle
FNDA:29,clearStyles
FNDA:14,getCycle
FNDA:14,getNumPomos
DA:13,1
DA:20,1
DA:23,1
DA:25,1
DA:27,1
DA:30,1
DA:33,1
DA:34,1
DA:35,1
DA:43,28
DA:45,18
DA:46,18
DA:49,5
DA:50,5
DA:53,4
DA:54,4
DA:57,1
DA:58,1
DA:61,27
DA:69,28
DA:70,28
DA:79,10
DA:80,10
DA:83,6
DA:86,6
DA:87,4
DA:90,2
DA:92,6
DA:96,3
DA:97,3
DA:104,1
DA:105,1
DA:106,1
DA:110,0
DA:118,22
DA:119,88
DA:127,8
DA:128,8
DA:136,26
DA:138,26
DA:140,26
DA:141,26
DA:143,26
DA:151,20
DA:152,20
DA:154,20
DA:157,20
DA:158,10
DA:159,2
DA:161,8
DA:165,20
DA:166,23
DA:170,20
DA:179,28
DA:181,28
DA:184,18
DA:185,18
DA:189,5
DA:190,5
DA:191,5
DA:195,5
DA:196,5
DA:197,5
DA:201,0
DA:202,0
DA:210,29
DA:211,29
DA:212,29
DA:214,29
DA:215,29
DA:224,14
DA:233,14
DA:238,1
DA:239,1
DA:240,1
DA:241,1
DA:242,1
DA:243,1
DA:244,1
DA:245,1
DA:246,1
DA:247,1
DA:248,1
LF:83
LH:80
BRDA:43,0,0,18
BRDA:43,0,1,5
BRDA:43,0,2,4
BRDA:43,0,3,1
BRDA:80,1,0,6
BRDA:80,1,1,3
BRDA:80,1,2,1
BRDA:80,1,3,0
BRDA:86,2,0,4
BRDA:86,2,1,2
BRDA:140,3,0,26
BRDA:140,3,1,0
BRDA:157,4,0,10
BRDA:157,4,1,10
BRDA:158,5,0,2
BRDA:158,5,1,8
BRDA:181,6,0,18
BRDA:181,6,1,5
BRDA:181,6,2,5
BRDA:181,6,3,0
BRF:20
BRH:17
end_of_record
TN:
SF:source\js\timer.js
FN:22,(anonymous_0)
FN:33,startCountdown
FN:46,stopCountdown
FN:57,countdown
FN:95,getStart
FN:104,getDuration
FN:113,setDuration
FNF:7
FNH:6
FNDA:0,(anonymous_0)
FNDA:4,startCountdown
FNDA:2,stopCountdown
FNDA:1,countdown
FNDA:5,getStart
FNDA:2,getDuration
FNDA:2,setDuration
DA:6,1
DA:10,1
DA:13,1
DA:16,1
DA:22,1
DA:23,0
DA:24,0
DA:34,4
DA:35,4
DA:38,4
DA:40,4
DA:47,2
DA:50,2
DA:51,2
DA:59,1
DA:62,1
DA:63,1
DA:66,1
DA:67,0
DA:70,0
DA:71,0
DA:75,1
DA:76,1
DA:79,1
DA:82,1
DA:83,0
DA:86,1
DA:96,5
DA:105,2
DA:114,2
DA:117,1
DA:118,1
DA:119,1
DA:120,1
DA:121,1
DA:122,1
LF:36
LH:30
BRDA:23,0,0,0
BRDA:23,0,1,0
BRDA:66,1,0,0
BRDA:66,1,1,1
BRDA:82,2,0,0
BRDA:82,2,1,1
BRF:6
BRH:2
end_of_record
